Build started 2016-04-29 11:11:52.
     1>Project "C:\Users\david\OneDrive\MDH\DVA331 Examensarbete\Code\RayEngine\RayEngine\RayEngine.vcxproj" on node 2 (Build target(s)).
     1>AddCudaCompileDeps:
         C:\Program Files (x86)\Microsoft Visual Studio 12.0\VC\bin\cl.exe /E /nologo /showIncludes /TP /D__CUDACC__ /DWIN32 /DNDEBUG /D_CONSOLE /D_LIB /D_UNICODE /DUNICODE /I"C:\Program Files\NVIDIA GPU Computing Toolkit\CUDA\v7.0\include" /I"C:\Program Files\NVIDIA GPU Computing Toolkit\CUDA\v7.0\bin" /I"C:\Program Files\NVIDIA GPU Computing Toolkit\CUDA\v7.0\include" /I. /FIcuda_runtime.h /c "C:\Users\david\OneDrive\MDH\DVA331 Examensarbete\Code\RayEngine\RayEngine\camera_program.cu" 
       AddCudaCompileDeps:
         C:\Program Files (x86)\Microsoft Visual Studio 12.0\VC\bin\cl.exe /E /nologo /showIncludes /TP /D__CUDACC__ /DWIN32 /DNDEBUG /D_CONSOLE /D_LIB /D_UNICODE /DUNICODE /I"C:\Program Files\NVIDIA GPU Computing Toolkit\CUDA\v7.0\include" /I"C:\Program Files\NVIDIA GPU Computing Toolkit\CUDA\v7.0\bin" /I"C:\Program Files\NVIDIA GPU Computing Toolkit\CUDA\v7.0\include" /I. /FIcuda_runtime.h /c "C:\Users\david\OneDrive\MDH\DVA331 Examensarbete\Code\RayEngine\RayEngine\material_program.cu" 
       AddCudaCompileDeps:
         C:\Program Files (x86)\Microsoft Visual Studio 12.0\VC\bin\cl.exe /E /nologo /showIncludes /TP /D__CUDACC__ /DWIN32 /DNDEBUG /D_CONSOLE /D_LIB /D_UNICODE /DUNICODE /I"C:\Program Files\NVIDIA GPU Computing Toolkit\CUDA\v7.0\include" /I"C:\Program Files\NVIDIA GPU Computing Toolkit\CUDA\v7.0\bin" /I"C:\Program Files\NVIDIA GPU Computing Toolkit\CUDA\v7.0\include" /I. /FIcuda_runtime.h /c "C:\Users\david\OneDrive\MDH\DVA331 Examensarbete\Code\RayEngine\RayEngine\miss_program.cu" 
       AddCudaCompileDeps:
         C:\Program Files (x86)\Microsoft Visual Studio 12.0\VC\bin\cl.exe /E /nologo /showIncludes /TP /D__CUDACC__ /DWIN32 /DNDEBUG /D_CONSOLE /D_LIB /D_UNICODE /DUNICODE /I"C:\Program Files\NVIDIA GPU Computing Toolkit\CUDA\v7.0\include" /I"C:\Program Files\NVIDIA GPU Computing Toolkit\CUDA\v7.0\bin" /I"C:\Program Files\NVIDIA GPU Computing Toolkit\CUDA\v7.0\include" /I. /FIcuda_runtime.h /c "C:\Users\david\OneDrive\MDH\DVA331 Examensarbete\Code\RayEngine\RayEngine\triangle_mesh_program.cu" 
       CudaBuild:
         Compiling CUDA source file material_program.cu...
         cmd.exe /C "C:\Users\david\AppData\Local\Temp\tmpa946f06d977144d68321e467c49b3046.cmd"
         "C:\Program Files\NVIDIA GPU Computing Toolkit\CUDA\v7.0\bin\nvcc.exe" -gencode=arch=compute_20,code=\"sm_20,compute_20\" --use-local-env --cl-version 2013 -ccbin "C:\Program Files (x86)\Microsoft Visual Studio 12.0\VC\bin"  -I"C:\Program Files\NVIDIA GPU Computing Toolkit\CUDA\v7.0\include" -I"C:\Program Files\NVIDIA GPU Computing Toolkit\CUDA\v7.0\include"     --keep-dir Release -maxrregcount=0  --machine 32 -ptx -cudart static  -o "C:\Users\david\OneDrive\MDH\DVA331 Examensarbete\Code\RayEngine\RayEngine\ptx\material_program.cu.ptx" "C:\Users\david\OneDrive\MDH\DVA331 Examensarbete\Code\RayEngine\RayEngine\material_program.cu"
         
         C:\Users\david\OneDrive\MDH\DVA331 Examensarbete\Code\RayEngine\RayEngine>"C:\Program Files\NVIDIA GPU Computing Toolkit\CUDA\v7.0\bin\nvcc.exe" -gencode=arch=compute_20,code=\"sm_20,compute_20\" --use-local-env --cl-version 2013 -ccbin "C:\Program Files (x86)\Microsoft Visual Studio 12.0\VC\bin"  -I"C:\Program Files\NVIDIA GPU Computing Toolkit\CUDA\v7.0\include" -I"C:\Program Files\NVIDIA GPU Computing Toolkit\CUDA\v7.0\include"     --keep-dir Release -maxrregcount=0  --machine 32 -ptx -cudart static  -o "C:\Users\david\OneDrive\MDH\DVA331 Examensarbete\Code\RayEngine\RayEngine\ptx\material_program.cu.ptx" "C:\Users\david\OneDrive\MDH\DVA331 Examensarbete\Code\RayEngine\RayEngine\material_program.cu" 
         material_program.cu
       CudaBuild:
         Compiling CUDA source file miss_program.cu...
         cmd.exe /C "C:\Users\david\AppData\Local\Temp\tmp5ffa16035b16486e82fe63e455d26639.cmd"
         "C:\Program Files\NVIDIA GPU Computing Toolkit\CUDA\v7.0\bin\nvcc.exe" -gencode=arch=compute_20,code=\"sm_20,compute_20\" --use-local-env --cl-version 2013 -ccbin "C:\Program Files (x86)\Microsoft Visual Studio 12.0\VC\bin"  -I"C:\Program Files\NVIDIA GPU Computing Toolkit\CUDA\v7.0\include" -I"C:\Program Files\NVIDIA GPU Computing Toolkit\CUDA\v7.0\include"     --keep-dir Release -maxrregcount=0  --machine 32 -ptx -cudart static  -o "C:\Users\david\OneDrive\MDH\DVA331 Examensarbete\Code\RayEngine\RayEngine\ptx\miss_program.cu.ptx" "C:\Users\david\OneDrive\MDH\DVA331 Examensarbete\Code\RayEngine\RayEngine\miss_program.cu"
         
         C:\Users\david\OneDrive\MDH\DVA331 Examensarbete\Code\RayEngine\RayEngine>"C:\Program Files\NVIDIA GPU Computing Toolkit\CUDA\v7.0\bin\nvcc.exe" -gencode=arch=compute_20,code=\"sm_20,compute_20\" --use-local-env --cl-version 2013 -ccbin "C:\Program Files (x86)\Microsoft Visual Studio 12.0\VC\bin"  -I"C:\Program Files\NVIDIA GPU Computing Toolkit\CUDA\v7.0\include" -I"C:\Program Files\NVIDIA GPU Computing Toolkit\CUDA\v7.0\include"     --keep-dir Release -maxrregcount=0  --machine 32 -ptx -cudart static  -o "C:\Users\david\OneDrive\MDH\DVA331 Examensarbete\Code\RayEngine\RayEngine\ptx\miss_program.cu.ptx" "C:\Users\david\OneDrive\MDH\DVA331 Examensarbete\Code\RayEngine\RayEngine\miss_program.cu" 
         miss_program.cu
       ClCompile:
         C:\Program Files (x86)\Microsoft Visual Studio 12.0\VC\bin\CL.exe /c /I"C:\Program Files\NVIDIA GPU Computing Toolkit\CUDA\v7.0\include" /Zi /nologo /W3 /WX- /O2 /Oi /Oy- /GL /D WIN32 /D NDEBUG /D _CONSOLE /D _LIB /D _UNICODE /D UNICODE /Gm- /EHsc /MD /GS /Gy /arch:AVX /fp:precise /Zc:wchar_t /Zc:forScope /Fo"Release\\" /Fd"Release\vc120.pdb" /Gd /TP /analyze- /errorReport:prompt camera.cpp embree_handler.cpp render_hybrid.cpp render_embree.cpp font.cpp input.cpp material.cpp object.cpp render_opengl.cpp optix_handler.cpp rayengine.cpp main.cpp render_optix.cpp scene.cpp shader.cpp tiny_obj_loader.cc triangle_mesh.cpp window.cpp
         camera.cpp
     1>c:\users\david\onedrive\mdh\dva331 examensarbete\code\rayengine\rayengine\color.h(17): error C2719: 'color': formal parameter with __declspec(align('16')) won't be aligned
     1>c:\users\david\onedrive\mdh\dva331 examensarbete\code\rayengine\rayengine\color.h(20): error C2719: 'color': formal parameter with __declspec(align('16')) won't be aligned
     1>c:\libs\imagemagick-6.9.3-q16\include\magick/magick-baseconfig.h(236): error C2371: 'ssize_t' : redefinition; different basic types
                 c:\libs\embree-2.9.0\common\math\../sys/platform.h(239) : see declaration of 'ssize_t'
         embree_handler.cpp
     1>c:\users\david\onedrive\mdh\dva331 examensarbete\code\rayengine\rayengine\color.h(17): error C2719: 'color': formal parameter with __declspec(align('16')) won't be aligned
     1>c:\users\david\onedrive\mdh\dva331 examensarbete\code\rayengine\rayengine\color.h(20): error C2719: 'color': formal parameter with __declspec(align('16')) won't be aligned
     1>c:\libs\imagemagick-6.9.3-q16\include\magick/magick-baseconfig.h(236): error C2371: 'ssize_t' : redefinition; different basic types
                 c:\libs\embree-2.9.0\common\math\../sys/platform.h(239) : see declaration of 'ssize_t'
     1>c:\users\david\onedrive\mdh\dva331 examensarbete\code\rayengine\rayengine\shader.h(15): error C2719: 'color': formal parameter with __declspec(align('16')) won't be aligned
     1>c:\users\david\onedrive\mdh\dva331 examensarbete\code\rayengine\rayengine\light.h(10): error C2719: 'color': formal parameter with __declspec(align('16')) won't be aligned
     1>c:\users\david\onedrive\mdh\dva331 examensarbete\code\rayengine\rayengine\light.h(12): error C2719: 'color': formal parameter with __declspec(align('16')) won't be aligned
     1>embree_handler.cpp(77): warning C4316: 'Color' : object allocated on the heap may not be aligned 16
         render_hybrid.cpp
     1>c:\users\david\onedrive\mdh\dva331 examensarbete\code\rayengine\rayengine\color.h(17): error C2719: 'color': formal parameter with __declspec(align('16')) won't be aligned
     1>c:\users\david\onedrive\mdh\dva331 examensarbete\code\rayengine\rayengine\color.h(20): error C2719: 'color': formal parameter with __declspec(align('16')) won't be aligned
     1>c:\libs\imagemagick-6.9.3-q16\include\magick/magick-baseconfig.h(236): error C2371: 'ssize_t' : redefinition; different basic types
                 c:\libs\embree-2.9.0\common\math\../sys/platform.h(239) : see declaration of 'ssize_t'
     1>c:\users\david\onedrive\mdh\dva331 examensarbete\code\rayengine\rayengine\shader.h(15): error C2719: 'color': formal parameter with __declspec(align('16')) won't be aligned
     1>c:\users\david\onedrive\mdh\dva331 examensarbete\code\rayengine\rayengine\light.h(10): error C2719: 'color': formal parameter with __declspec(align('16')) won't be aligned
     1>c:\users\david\onedrive\mdh\dva331 examensarbete\code\rayengine\rayengine\light.h(12): error C2719: 'color': formal parameter with __declspec(align('16')) won't be aligned
         render_embree.cpp
     1>c:\users\david\onedrive\mdh\dva331 examensarbete\code\rayengine\rayengine\color.h(17): error C2719: 'color': formal parameter with __declspec(align('16')) won't be aligned
     1>c:\users\david\onedrive\mdh\dva331 examensarbete\code\rayengine\rayengine\color.h(20): error C2719: 'color': formal parameter with __declspec(align('16')) won't be aligned
     1>c:\libs\imagemagick-6.9.3-q16\include\magick/magick-baseconfig.h(236): error C2371: 'ssize_t' : redefinition; different basic types
                 c:\libs\embree-2.9.0\common\math\../sys/platform.h(239) : see declaration of 'ssize_t'
     1>c:\users\david\onedrive\mdh\dva331 examensarbete\code\rayengine\rayengine\shader.h(15): error C2719: 'color': formal parameter with __declspec(align('16')) won't be aligned
     1>c:\users\david\onedrive\mdh\dva331 examensarbete\code\rayengine\rayengine\light.h(10): error C2719: 'color': formal parameter with __declspec(align('16')) won't be aligned
     1>c:\users\david\onedrive\mdh\dva331 examensarbete\code\rayengine\rayengine\light.h(12): error C2719: 'color': formal parameter with __declspec(align('16')) won't be aligned
         font.cpp
         input.cpp
     1>c:\users\david\onedrive\mdh\dva331 examensarbete\code\rayengine\rayengine\color.h(17): error C2719: 'color': formal parameter with __declspec(align('16')) won't be aligned
     1>c:\users\david\onedrive\mdh\dva331 examensarbete\code\rayengine\rayengine\color.h(20): error C2719: 'color': formal parameter with __declspec(align('16')) won't be aligned
     1>c:\libs\imagemagick-6.9.3-q16\include\magick/magick-baseconfig.h(236): error C2371: 'ssize_t' : redefinition; different basic types
                 c:\libs\embree-2.9.0\common\math\../sys/platform.h(239) : see declaration of 'ssize_t'
     1>c:\users\david\onedrive\mdh\dva331 examensarbete\code\rayengine\rayengine\shader.h(15): error C2719: 'color': formal parameter with __declspec(align('16')) won't be aligned
     1>c:\users\david\onedrive\mdh\dva331 examensarbete\code\rayengine\rayengine\light.h(10): error C2719: 'color': formal parameter with __declspec(align('16')) won't be aligned
     1>c:\users\david\onedrive\mdh\dva331 examensarbete\code\rayengine\rayengine\light.h(12): error C2719: 'color': formal parameter with __declspec(align('16')) won't be aligned
         material.cpp
     1>c:\users\david\onedrive\mdh\dva331 examensarbete\code\rayengine\rayengine\color.h(17): error C2719: 'color': formal parameter with __declspec(align('16')) won't be aligned
     1>c:\users\david\onedrive\mdh\dva331 examensarbete\code\rayengine\rayengine\color.h(20): error C2719: 'color': formal parameter with __declspec(align('16')) won't be aligned
     1>c:\libs\imagemagick-6.9.3-q16\include\magick/magick-baseconfig.h(236): error C2371: 'ssize_t' : redefinition; different basic types
                 c:\libs\embree-2.9.0\common\math\../sys/platform.h(239) : see declaration of 'ssize_t'
         object.cpp
     1>c:\users\david\onedrive\mdh\dva331 examensarbete\code\rayengine\rayengine\color.h(17): error C2719: 'color': formal parameter with __declspec(align('16')) won't be aligned
     1>c:\users\david\onedrive\mdh\dva331 examensarbete\code\rayengine\rayengine\color.h(20): error C2719: 'color': formal parameter with __declspec(align('16')) won't be aligned
     1>c:\libs\imagemagick-6.9.3-q16\include\magick/magick-baseconfig.h(236): error C2371: 'ssize_t' : redefinition; different basic types
                 c:\libs\embree-2.9.0\common\math\../sys/platform.h(239) : see declaration of 'ssize_t'
     1>c:\users\david\onedrive\mdh\dva331 examensarbete\code\rayengine\rayengine\shader.h(15): error C2719: 'color': formal parameter with __declspec(align('16')) won't be aligned
     1>object.cpp(47): warning C4316: 'Material' : object allocated on the heap may not be aligned 16
     1>object.cpp(70): warning C4316: 'Material' : object allocated on the heap may not be aligned 16
     1>object.cpp(85): warning C4316: 'Object' : object allocated on the heap may not be aligned 16
         render_opengl.cpp
     1>c:\users\david\onedrive\mdh\dva331 examensarbete\code\rayengine\rayengine\color.h(17): error C2719: 'color': formal parameter with __declspec(align('16')) won't be aligned
     1>c:\users\david\onedrive\mdh\dva331 examensarbete\code\rayengine\rayengine\color.h(20): error C2719: 'color': formal parameter with __declspec(align('16')) won't be aligned
     1>c:\libs\imagemagick-6.9.3-q16\include\magick/magick-baseconfig.h(236): error C2371: 'ssize_t' : redefinition; different basic types
                 c:\libs\embree-2.9.0\common\math\../sys/platform.h(239) : see declaration of 'ssize_t'
     1>c:\users\david\onedrive\mdh\dva331 examensarbete\code\rayengine\rayengine\shader.h(15): error C2719: 'color': formal parameter with __declspec(align('16')) won't be aligned
     1>c:\users\david\onedrive\mdh\dva331 examensarbete\code\rayengine\rayengine\light.h(10): error C2719: 'color': formal parameter with __declspec(align('16')) won't be aligned
     1>c:\users\david\onedrive\mdh\dva331 examensarbete\code\rayengine\rayengine\light.h(12): error C2719: 'color': formal parameter with __declspec(align('16')) won't be aligned
         optix_handler.cpp
     1>c:\users\david\onedrive\mdh\dva331 examensarbete\code\rayengine\rayengine\color.h(17): error C2719: 'color': formal parameter with __declspec(align('16')) won't be aligned
     1>c:\users\david\onedrive\mdh\dva331 examensarbete\code\rayengine\rayengine\color.h(20): error C2719: 'color': formal parameter with __declspec(align('16')) won't be aligned
     1>c:\libs\imagemagick-6.9.3-q16\include\magick/magick-baseconfig.h(236): error C2371: 'ssize_t' : redefinition; different basic types
                 c:\libs\embree-2.9.0\common\math\../sys/platform.h(239) : see declaration of 'ssize_t'
     1>c:\users\david\onedrive\mdh\dva331 examensarbete\code\rayengine\rayengine\shader.h(15): error C2719: 'color': formal parameter with __declspec(align('16')) won't be aligned
     1>c:\users\david\onedrive\mdh\dva331 examensarbete\code\rayengine\rayengine\light.h(10): error C2719: 'color': formal parameter with __declspec(align('16')) won't be aligned
     1>c:\users\david\onedrive\mdh\dva331 examensarbete\code\rayengine\rayengine\light.h(12): error C2719: 'color': formal parameter with __declspec(align('16')) won't be aligned
         rayengine.cpp
     1>c:\users\david\onedrive\mdh\dva331 examensarbete\code\rayengine\rayengine\color.h(17): error C2719: 'color': formal parameter with __declspec(align('16')) won't be aligned
     1>c:\users\david\onedrive\mdh\dva331 examensarbete\code\rayengine\rayengine\color.h(20): error C2719: 'color': formal parameter with __declspec(align('16')) won't be aligned
     1>c:\libs\imagemagick-6.9.3-q16\include\magick/magick-baseconfig.h(236): error C2371: 'ssize_t' : redefinition; different basic types
                 c:\libs\embree-2.9.0\common\math\../sys/platform.h(239) : see declaration of 'ssize_t'
     1>c:\users\david\onedrive\mdh\dva331 examensarbete\code\rayengine\rayengine\shader.h(15): error C2719: 'color': formal parameter with __declspec(align('16')) won't be aligned
     1>c:\users\david\onedrive\mdh\dva331 examensarbete\code\rayengine\rayengine\light.h(10): error C2719: 'color': formal parameter with __declspec(align('16')) won't be aligned
     1>c:\users\david\onedrive\mdh\dva331 examensarbete\code\rayengine\rayengine\light.h(12): error C2719: 'color': formal parameter with __declspec(align('16')) won't be aligned
     1>rayengine.cpp(75): warning C4316: 'Scene' : object allocated on the heap may not be aligned 16
         main.cpp
     1>c:\users\david\onedrive\mdh\dva331 examensarbete\code\rayengine\rayengine\color.h(17): error C2719: 'color': formal parameter with __declspec(align('16')) won't be aligned
     1>c:\users\david\onedrive\mdh\dva331 examensarbete\code\rayengine\rayengine\color.h(20): error C2719: 'color': formal parameter with __declspec(align('16')) won't be aligned
     1>c:\libs\imagemagick-6.9.3-q16\include\magick/magick-baseconfig.h(236): error C2371: 'ssize_t' : redefinition; different basic types
                 c:\libs\embree-2.9.0\common\math\../sys/platform.h(239) : see declaration of 'ssize_t'
     1>Done Building Project "C:\Users\david\OneDrive\MDH\DVA331 Examensarbete\Code\RayEngine\RayEngine\RayEngine.vcxproj" (Build target(s)) -- FAILED.

Build FAILED.

Time Elapsed 00:00:20.81
